>>> [ x**2 for x in range(10) ]
[0, 1, 4, 9, 16, 25, 36, 49, 64, 81]
>>> [ x for x in range(10) if x % 2 == 0]
[0, 2, 4, 6, 8]
>>> { x for x in ['a', 'b', 'c', 'a'] }
{'c', 'a', 'b'}
>>> { k: v for k, v in zip(['a','b','c','d'], range(4))}
{'c': 2, 'a': 0, 'b': 1, 'd': 3}
>>> ( x**2 for x in range(10) if x % 2 == 0)
<generator object <genexpr> at 0x7fba950c5f10>
>>> sum( x**2 for x in range(10) if x % 2 == 0)
120
>>> all( x%2 == 0 for x in [1, 2, 4, 6, 8] )
False
>>> any( x%2 == 0 for x in [1, 2, 3, 5] )
True
>>> for x in (x**2 for x in range(10) if x % 2 == 0):
...     print(x)
...
0
4
16
36
64
>>>
